TN:
SF:src/Week1/DelayEscrow.sol
FN:23,DelayEscrow.deposit
FNDA:512,DelayEscrow.deposit
DA:24,512
DA:25,512
DA:26,512
DA:28,512
DA:29,512
DA:31,512
DA:32,512
FN:38,DelayEscrow.withdraw
FNDA:512,DelayEscrow.withdraw
DA:39,512
BRDA:39,0,0,256
BRDA:39,0,1,256
DA:40,256
DA:41,256
DA:42,256
DA:43,256
FNF:2
FNH:2
LF:12
LH:12
BRF:2
BRH:2
end_of_record
TN:
SF:src/Week1/TokenSale.sol
FN:51,TokenSale.withdraw
FNDA:256,TokenSale.withdraw
DA:52,256
BRDA:52,0,0,139
BRDA:52,0,1,117
DA:53,117
FN:57,TokenSale.deposit
FNDA:256,TokenSale.deposit
DA:58,256
FN:66,TokenSale.onTransferReceived
FNDA:1025,TokenSale.onTransferReceived
DA:70,1025
BRDA:70,1,0,244
BRDA:70,1,1,512
DA:71,768
DA:72,768
DA:73,768
BRDA:73,2,0,256
BRDA:73,2,1,512
DA:74,512
DA:75,512
DA:76,512
BRDA:76,3,0,244
BRDA:76,3,1,512
DA:77,244
DA:79,512
DA:80,257
BRDA:80,4,0,256
BRDA:80,4,1,1
DA:81,256
DA:82,256
DA:83,256
DA:84,256
DA:86,1
DA:88,768
FN:94,TokenSale.buy
FNDA:1280,TokenSale.buy
DA:95,1280
DA:96,1280
BRDA:96,5,0,256
BRDA:96,5,1,1024
FN:102,TokenSale.sell
FNDA:512,TokenSale.sell
DA:103,512
DA:104,512
BRDA:104,6,0,256
BRDA:104,6,1,256
FN:110,TokenSale.getBuyInput
FNDA:2048,TokenSale.getBuyInput
DA:111,4096
DA:112,4096
DA:113,4096
FN:119,TokenSale.getSellOutput
FNDA:768,TokenSale.getSellOutput
DA:120,1536
DA:121,1536
DA:122,1536
FN:125,TokenSale._buy
FNDA:1280,TokenSale._buy
DA:126,1280
DA:127,1280
DA:128,1280
DA:129,1280
DA:130,1280
FN:133,TokenSale._sell
FNDA:512,TokenSale._sell
DA:134,512
DA:135,512
DA:136,512
DA:137,512
DA:138,512
FNF:9
FNH:9
LF:39
LH:39
BRF:14
BRH:14
end_of_record
TN:
SF:src/Week1/TokenWithGodMode.sol
FN:15,TokenWithGodMode.transferFrom
FNDA:512,TokenWithGodMode.transferFrom
DA:16,512
BRDA:16,0,0,512
BRDA:16,0,1,512
DA:17,512
DA:19,512
FNF:1
FNH:1
LF:3
LH:3
BRF:2
BRH:2
end_of_record
TN:
SF:src/Week1/TokenWithSanctions.sol
FN:30,TokenWithSanctions.blacklist
FNDA:516,TokenWithSanctions.blacklist
DA:31,515
BRDA:31,0,0,1
BRDA:31,0,1,514
DA:32,514
DA:33,514
FN:40,TokenWithSanctions.detectTransferRestriction
FNDA:0,TokenWithSanctions.detectTransferRestriction
DA:41,258
BRDA:41,1,0,1
BRDA:41,1,1,257
DA:42,1
DA:43,257
BRDA:43,2,0,1
BRDA:43,2,1,256
DA:44,1
DA:46,256
FN:53,TokenWithSanctions.messageForTransferRestriction
FNDA:4,TokenWithSanctions.messageForTransferRestriction
DA:54,4
BRDA:54,3,0,1
BRDA:54,3,1,3
DA:55,1
DA:56,3
BRDA:56,4,0,1
BRDA:56,4,1,2
DA:57,1
DA:58,2
BRDA:58,5,0,1
BRDA:58,5,1,1
DA:59,1
DA:61,1
FN:65,TokenWithSanctions._beforeTokenTransfer
FNDA:258,TokenWithSanctions._beforeTokenTransfer
DA:66,258
BRDA:66,6,0,2
BRDA:66,6,1,256
DA:67,2
FNF:4
FNH:3
LF:17
LH:17
BRF:14
BRH:14
end_of_record
TN:
SF:src/Week2/Enumerable/Getter.sol
FN:16,Getter.getPrimeIdsCountOwnedBy
FNDA:1,Getter.getPrimeIdsCountOwnedBy
DA:19,1
DA:20,1
DA:21,20
DA:22,20
BRDA:22,0,0,9
BRDA:22,0,1,20
DA:23,9
DA:25,20
FN:30,Getter.isNotPrime
FNDA:20,Getter.isNotPrime
FNF:2
FNH:2
LF:6
LH:6
BRF:2
BRH:2
end_of_record
TN:
SF:src/Week2/NftStaking/NFT.sol
FN:40,NFT.setDefaultRoyalty
FNDA:2,NFT.setDefaultRoyalty
DA:41,1
FN:46,NFT.withdraw
FNDA:2,NFT.withdraw
DA:47,2
BRDA:47,0,0,-
BRDA:47,0,1,1
DA:48,1
DA:50,1
FN:55,NFT.mint
FNDA:2844,NFT.mint
DA:56,2844
BRDA:56,1,0,256
BRDA:56,1,1,2588
DA:57,2588
FN:63,NFT.mint
FNDA:515,NFT.mint
DA:64,515
BRDA:64,2,0,256
BRDA:64,2,1,259
DA:66,259
DA:67,259
BRDA:67,3,0,256
BRDA:67,3,1,3
DA:69,3
BRDA:69,4,0,1
BRDA:69,4,1,2
DA:70,2
DA:72,2
FN:75,NFT._internalMint
FNDA:2590,NFT._internalMint
DA:77,2590
DA:78,2590
BRDA:78,5,0,1
BRDA:78,5,1,2589
DA:80,2589
DA:81,2589
FNF:5
FNH:5
LF:16
LH:16
BRF:12
BRH:11
end_of_record
TN:
SF:src/Week2/NftStaking/Staking.sol
FN:33,Staking.onERC721Received
FNDA:4,Staking.onERC721Received
DA:34,4
BRDA:34,0,0,1
BRDA:34,0,1,3
DA:35,3
DA:36,3
FN:41,Staking.withdraw
FNDA:2,Staking.withdraw
DA:42,2
BRDA:42,1,0,1
BRDA:42,1,1,1
DA:43,1
DA:44,1
DA:45,1
DA:46,1
FN:51,Staking.claim
FNDA:2,Staking.claim
DA:52,2
BRDA:52,2,0,1
BRDA:52,2,1,1
DA:53,1
FN:56,Staking._stake
FNDA:3,Staking._stake
DA:57,3
DA:58,3
DA:59,3
FN:62,Staking._claim
FNDA:2,Staking._claim
DA:65,2
DA:66,2
DA:67,2
DA:68,2
DA:69,2
FNF:5
FNH:5
LF:18
LH:18
BRF:6
BRH:6
end_of_record
TN:
SF:src/Week2/NftStaking/Token.sol
FN:13,Token.mint
FNDA:4,Token.mint
DA:14,4
BRDA:14,0,0,1
BRDA:14,0,1,3
DA:15,3
FNF:1
FNH:1
LF:2
LH:2
BRF:2
BRH:2
end_of_record
TN:
SF:src/Week3/Factory.sol
FN:27,Factory.getPair
FNDA:1024,Factory.getPair
DA:28,1024
FN:37,Factory.createPair
FNDA:1024,Factory.createPair
DA:38,1024
BRDA:38,0,0,-
BRDA:38,0,1,1024
DA:39,1024
DA:40,1024
BRDA:40,1,0,1
BRDA:40,1,1,1023
DA:41,1023
BRDA:41,2,0,-
BRDA:41,2,1,1023
DA:43,1023
DA:45,1023
DA:48,1023
DA:49,1023
DA:50,1023
FNF:2
FNH:2
LF:10
LH:10
BRF:6
BRH:4
end_of_record
TN:
SF:src/Week3/Pair.sol
FN:63,Pair.getReserves
FNDA:256,Pair.getReserves
DA:64,256
FN:71,Pair.flashFee
FNDA:256,Pair.flashFee
DA:72,513
BRDA:72,0,0,-
BRDA:72,0,1,513
DA:73,513
FN:81,Pair.maxFlashLoan
FNDA:259,Pair.maxFlashLoan
DA:82,259
BRDA:82,1,0,-
BRDA:82,1,1,173
DA:83,173
DA:84,86
BRDA:84,2,0,-
BRDA:84,2,1,85
DA:85,85
FN:96,Pair.flashLoan
FNDA:257,Pair.flashLoan
DA:101,257
DA:103,257
DA:104,257
DA:106,257
BRDA:106,3,0,1
BRDA:106,3,1,256
DA:108,1
DA:112,256
DA:115,256
DA:116,256
DA:117,256
DA:118,256
FN:126,Pair.mint
FNDA:1026,Pair.mint
DA:127,1026
DA:128,1026
DA:129,1026
DA:130,1026
DA:131,1026
DA:133,1026
DA:134,1026
BRDA:134,4,0,1026
BRDA:134,4,1,-
DA:135,1026
DA:136,995
DA:138,0
DA:139,0
DA:140,0
BRDA:140,5,0,-
BRDA:140,5,1,-
DA:141,0
DA:143,0
DA:146,995
BRDA:146,6,0,-
BRDA:146,6,1,995
DA:147,995
DA:149,993
DA:150,993
FN:159,Pair.burn
FNDA:256,Pair.burn
DA:160,256
DA:162,256
DA:163,256
DA:164,256
DA:166,256
DA:167,256
DA:168,256
DA:170,256
BRDA:170,7,0,-
BRDA:170,7,1,256
DA:171,256
DA:173,256
DA:174,256
DA:175,256
DA:176,256
DA:178,256
DA:179,256
FN:188,Pair.swap
FNDA:258,Pair.swap
DA:189,258
BRDA:189,8,0,-
BRDA:189,8,1,258
DA:190,258
DA:191,258
BRDA:191,9,0,-
BRDA:191,9,1,258
DA:192,258
BRDA:192,10,0,1
BRDA:192,10,1,258
DA:193,258
BRDA:193,11,0,257
BRDA:193,11,1,258
DA:195,258
DA:196,258
DA:198,258
DA:199,258
DA:200,258
BRDA:200,12,0,-
BRDA:200,12,1,258
DA:202,258
DA:203,258
DA:204,258
BRDA:204,13,0,-
BRDA:204,13,1,258
DA:205,0
DA:208,258
DA:209,258
FN:215,Pair.sync
FNDA:0,Pair.sync
DA:216,0
FN:219,Pair._update
FNDA:1763,Pair._update
DA:221,1763
BRDA:221,14,0,-
BRDA:221,14,1,1763
DA:222,1763
DA:223,1763
DA:224,1763
BRDA:224,15,0,2
BRDA:224,15,1,1763
DA:225,2
DA:226,2
DA:228,1763
DA:229,1763
DA:230,1763
DA:231,1763
FNF:9
FNH:8
LF:77
LH:70
BRF:32
BRH:19
end_of_record
TN:
SF:test/Week1/echidna/Setup.sol
FN:8,User.proxy
FNDA:0,User.proxy
DA:12,0
FN:61,Setup._deploy
FNDA:0,Setup._deploy
DA:62,0
DA:63,0
DA:64,0
DA:66,0
DA:67,0
DA:68,0
FN:71,Setup._mintPaymentTokenOnce
FNDA:0,Setup._mintPaymentTokenOnce
DA:72,0
BRDA:72,0,0,-
BRDA:72,0,1,-
DA:74,0
DA:76,0
DA:84,0
FN:87,Setup._mintSellTokenOnce
FNDA:0,Setup._mintSellTokenOnce
DA:88,0
BRDA:88,1,0,-
BRDA:88,1,1,-
DA:90,0
DA:91,0
DA:100,0
FN:103,Setup._before
FNDA:0,Setup._before
DA:104,0
DA:105,0
DA:106,0
DA:107,0
DA:108,0
FN:111,Setup._after
FNDA:0,Setup._after
DA:112,0
DA:113,0
DA:114,0
DA:115,0
DA:116,0
FN:19,MockERC1363.mint
FNDA:0,MockERC1363.mint
DA:20,0
FNF:7
FNH:0
LF:26
LH:0
BRF:4
BRH:0
end_of_record
TN:
SF:test/Week1/echidna/Tester.sol
FN:10,Tester.donateToken
FNDA:0,Tester.donateToken
DA:11,0
BRDA:11,0,0,-
BRDA:11,0,1,-
DA:12,0
DA:14,0
FN:18,Tester.totalValueInvariant
FNDA:0,Tester.totalValueInvariant
DA:19,0
DA:20,0
BRDA:20,1,0,-
BRDA:20,1,1,-
DA:22,0
DA:23,0
DA:25,0
FN:28,Tester.buy
FNDA:0,Tester.buy
DA:29,0
DA:30,0
DA:32,0
DA:34,0
DA:43,0
DA:45,0
DA:47,0
BRDA:47,2,0,-
BRDA:47,2,1,-
DA:48,0
DA:53,0
DA:58,0
DA:63,0
DA:68,0
DA:73,0
DA:79,0
DA:84,0
DA:89,0
DA:94,0
DA:99,0
FN:107,Tester.buyWithHook
FNDA:0,Tester.buyWithHook
DA:108,0
DA:109,0
DA:110,0
DA:112,0
DA:114,0
DA:124,0
DA:126,0
DA:128,0
BRDA:128,3,0,-
BRDA:128,3,1,-
DA:129,0
DA:134,0
DA:139,0
DA:144,0
DA:149,0
DA:154,0
DA:160,0
DA:165,0
DA:170,0
DA:175,0
DA:180,0
FN:188,Tester.sell
FNDA:0,Tester.sell
DA:190,0
DA:191,0
DA:193,0
DA:194,0
DA:203,0
DA:205,0
DA:207,0
BRDA:207,4,0,-
BRDA:207,4,1,-
DA:208,0
DA:213,0
DA:218,0
DA:223,0
DA:228,0
DA:234,0
DA:239,0
DA:244,0
DA:249,0
DA:254,0
FN:262,Tester.sellWithHook
FNDA:0,Tester.sellWithHook
DA:263,0
DA:264,0
DA:265,0
DA:267,0
DA:269,0
DA:278,0
DA:280,0
DA:282,0
BRDA:282,5,0,-
BRDA:282,5,1,-
DA:283,0
DA:288,0
DA:293,0
DA:298,0
DA:303,0
DA:309,0
DA:314,0
DA:319,0
DA:324,0
DA:329,0
FNF:6
FNH:0
LF:80
LH:0
BRF:12
BRH:0
end_of_record
TN:
SF:test/Week2/echidna/Setup.sol
FN:9,User.proxy
FNDA:0,User.proxy
DA:13,0
FN:16,User.onERC721Received
FNDA:0,User.onERC721Received
DA:17,0
FN:61,Setup._deploy
FNDA:0,Setup._deploy
DA:62,0
DA:63,0
DA:64,0
FN:67,Setup._mintNFTOnce
FNDA:0,Setup._mintNFTOnce
DA:68,0
BRDA:68,0,0,-
BRDA:68,0,1,-
DA:69,0
BRDA:69,1,0,-
BRDA:69,1,1,-
DA:71,0
DA:77,0
FN:80,Setup._before
FNDA:0,Setup._before
DA:81,0
DA:82,0
DA:83,0
DA:84,0
FN:87,Setup._after
FNDA:0,Setup._after
DA:88,0
DA:89,0
DA:90,0
DA:91,0
FNF:6
FNH:0
LF:17
LH:0
BRF:4
BRH:0
end_of_record
TN:
SF:test/Week2/echidna/Tester.sol
FN:11,Tester.stakeWithHook
FNDA:0,Tester.stakeWithHook
DA:12,0
DA:13,0
DA:15,0
DA:17,0
DA:27,0
DA:29,0
BRDA:29,0,0,-
BRDA:29,0,1,-
DA:30,0
DA:31,0
DA:33,0
DA:34,0
DA:36,0
DA:41,0
DA:46,0
DA:51,0
DA:57,0
DA:60,0
DA:63,0
DA:68,0
DA:73,0
DA:80,0
FN:87,Tester.withdraw
FNDA:0,Tester.withdraw
DA:88,0
DA:90,0
DA:92,0
DA:100,0
DA:102,0
BRDA:102,1,0,-
BRDA:102,1,1,-
DA:103,0
DA:104,0
DA:106,0
DA:111,0
DA:117,0
DA:118,0
DA:120,0
DA:121,0
DA:123,0
DA:128,0
DA:134,0
DA:137,0
DA:140,0
DA:145,0
DA:150,0
DA:157,0
FN:164,Tester.claim
FNDA:0,Tester.claim
DA:165,0
DA:167,0
DA:169,0
DA:177,0
DA:179,0
BRDA:179,2,0,-
BRDA:179,2,1,-
DA:180,0
DA:181,0
DA:183,0
DA:188,0
DA:194,0
DA:195,0
DA:197,0
DA:198,0
DA:200,0
DA:205,0
DA:211,0
DA:214,0
DA:217,0
DA:222,0
DA:227,0
DA:234,0
FNF:3
FNH:0
LF:62
LH:0
BRF:6
BRH:0
end_of_record
TN:
SF:test/Week3/Amm.t.sol
FN:186,BadReceiver.onFlashLoan
FNDA:1,BadReceiver.onFlashLoan
FNF:1
FNH:1
LF:0
LH:0
BRF:0
BRH:0
end_of_record
